Epoch 0
Batch 0
Batch 1
Batch 2
Batch 3
Batch 4
Batch 5
Batch 6
Batch 7
Batch 8
Batch 9
Batch 10
Batch 11
Batch 12
Batch 13
Batch 14
Batch 15
Batch 16
Batch 17
Batch 18
Batch 19
Batch 0
Batch 1
Batch 2
Batch 3
Batch 4
validation error: 384.98211669921875
Epoch 1
Batch 0
Batch 1
Batch 2
Batch 3
Batch 4
Batch 5
Batch 6
Batch 7
Batch 8
Batch 9
Batch 10
Batch 11
Batch 12
Batch 13
Batch 14
Batch 15
Batch 16
Batch 17
Batch 18
Batch 19
Batch 0
Batch 1
Batch 2
Batch 3
Batch 4
validation error: 377.9551086425781
Epoch 2
Batch 0
Batch 1
Batch 2
Batch 3
Batch 4
Batch 5
Batch 6
Batch 7
Batch 8
Batch 9
Batch 10
Batch 11
Batch 12
Batch 13
Batch 14
Batch 15
Batch 16
Batch 17
Batch 18
Batch 19
Batch 0
Batch 1
Batch 2
Batch 3
Batch 4
validation error: 369.4054260253906
Epoch 3
Batch 0
Batch 1
Batch 2
Batch 3
Batch 4
Batch 5
Batch 6
Batch 7
Batch 8
Batch 9
Batch 10
Batch 11
Batch 12
Batch 13
Batch 14
Batch 15
Batch 16
Batch 17
Batch 18
Batch 19
Batch 0
Batch 1
Batch 2
Batch 3
Batch 4
validation error: 367.8874206542969
Epoch 4
Batch 0
Batch 1
Batch 2
Batch 3
Batch 4
Batch 5
Batch 6
Batch 7
Batch 8
Batch 9
Batch 10
Batch 11
Batch 12
Batch 13
Batch 14
Batch 15
Batch 16
Batch 17
Batch 18
Batch 19
Batch 0
Batch 1
Batch 2
Batch 3
Batch 4
validation error: 366.6908264160156
Epoch 5
Batch 0
Batch 1
Batch 2
Batch 3
Batch 4
Batch 5
Batch 6
Batch 7
Batch 8
Batch 9
Batch 10
Batch 11
Batch 12
Batch 13
Batch 14
Batch 15
Batch 16
Batch 17
Batch 18
Batch 19
Batch 0
Batch 1
Batch 2
Batch 3
Batch 4
validation error: 365.8549499511719
Epoch 6
Batch 0
Batch 1
Batch 2
Batch 3
Batch 4
Batch 5
Batch 6
Batch 7
Batch 8
Batch 9
Batch 10
Batch 11
Batch 12
Batch 13
Batch 14
Batch 15
Batch 16
Batch 17
Batch 18
Batch 19
Batch 0
Batch 1
Batch 2
Batch 3
Batch 4
validation error: 365.56744384765625
Epoch 7
Batch 0
Batch 1
Batch 2
Batch 3
Batch 4
Batch 5
Batch 6
Batch 7
Batch 8
Batch 9
Batch 10
Batch 11
Batch 12
Batch 13
Batch 14
Batch 15
Batch 16
Batch 17
Batch 18
Batch 19
Batch 0
Batch 1
Batch 2
Batch 3
Batch 4
validation error: 365.3472595214844
Epoch 8
Batch 0
Batch 1
Batch 2
Batch 3
Batch 4
Batch 5
Batch 6
Batch 7
Batch 8
Batch 9
Batch 10
Batch 11
Batch 12
Batch 13
Batch 14
Batch 15
Batch 16
Batch 17
Batch 18
Batch 19
Batch 0
Batch 1
Batch 2
Batch 3
Batch 4
validation error: 366.7796936035156
Epoch 9
Batch 0
Batch 1
Batch 2
Batch 3
Batch 4
Batch 5
Batch 6
Batch 7
Batch 8
Batch 9
Batch 10
Batch 11
Batch 12
Batch 13
Batch 14
Batch 15
Batch 16
Batch 17
Batch 18
Batch 19
Batch 0
Batch 1
Batch 2
Batch 3
Batch 4
validation error: 369.9603576660156
Epoch 10
Batch 0
Batch 1
Batch 2
Batch 3
Batch 4
Batch 5
Batch 6
Batch 7
Batch 8
Batch 9
Batch 10
Batch 11
Batch 12
Batch 13
Batch 14
Batch 15
Batch 16
Batch 17
Batch 18
Batch 19
Batch 0
Batch 1
Batch 2
Batch 3
Batch 4
validation error: 372.39019775390625
Epoch 11
Batch 0
Batch 1
Batch 2
Batch 3
Batch 4
Batch 5
Batch 6
Batch 7
Batch 8
Batch 9
Batch 10
Batch 11
Batch 12
Batch 13
Batch 14
Batch 15
Batch 16
Batch 17
Batch 18
Batch 19
Batch 0
Batch 1
Batch 2
Batch 3
Batch 4
validation error: 374.1376647949219
Epoch 12
Batch 0
Batch 1
Batch 2
Batch 3
Batch 4
Batch 5
Batch 6
Batch 7
Batch 8
Batch 9
Batch 10
Batch 11
Batch 12
Batch 13
Batch 14
Batch 15
Batch 16
Batch 17
Batch 18
Batch 19
Batch 0
Batch 1
Batch 2
Batch 3
Batch 4
validation error: 374.8006896972656
Epoch 13
Batch 0
Batch 1
Batch 2
Batch 3
Batch 4
Batch 5
Batch 6
Batch 7
Batch 8
Batch 9
Batch 10
Batch 11
Batch 12
Batch 13
Batch 14
Batch 15
Batch 16
Batch 17
Batch 18
Batch 19
Batch 0
Batch 1
Batch 2
Batch 3
Batch 4
validation error: 377.62677001953125
Epoch 14
Batch 0
Batch 1
Batch 2
Batch 3
Batch 4
Batch 5
Batch 6
Batch 7
Batch 8
Batch 9
Batch 10
Batch 11
Batch 12
Batch 13
Batch 14
Batch 15
Batch 16
Batch 17
Batch 18
Batch 19
Batch 0
Batch 1
Batch 2
Batch 3
Batch 4
validation error: 376.7381591796875
Epoch 15
Batch 0
Batch 1
Batch 2
Batch 3
Batch 4
Batch 5
Batch 6
Batch 7
Batch 8
Batch 9
Batch 10
Batch 11
Batch 12
Batch 13
Batch 14
Batch 15
Batch 16
Batch 17
Batch 18
Batch 19
Batch 0
Batch 1
Batch 2
Batch 3
Batch 4
validation error: 379.2623291015625
Epoch 16
Batch 0
Batch 1
Batch 2
Batch 3
Batch 4
Batch 5
Batch 6
Batch 7
Batch 8
Batch 9
Batch 10
Batch 11
Batch 12
Batch 13
Batch 14
Batch 15
Batch 16
Batch 17
Batch 18
Batch 19
Batch 0
Batch 1
Batch 2
Batch 3
Batch 4
validation error: 378.6283264160156
Epoch 17
Batch 0
Batch 1
Batch 2
Batch 3
Batch 4
Batch 5
Batch 6
Batch 7
Batch 8
Batch 9
Batch 10
Batch 11
Batch 12
Batch 13
Batch 14
Batch 15
Batch 16
Batch 17
Batch 18
Batch 19
Batch 0
Batch 1
Batch 2
Batch 3
Batch 4
validation error: 379.35260009765625
Epoch 18
Batch 0
Batch 1
Batch 2
Batch 3
Batch 4
Batch 5
Batch 6
Batch 7
Batch 8
Batch 9
Batch 10
Batch 11
Batch 12
Batch 13
Batch 14
Batch 15
Batch 16
Batch 17
Batch 18
Batch 19
Batch 0
Batch 1
Batch 2
Batch 3
Batch 4
validation error: 381.76556396484375
Epoch 19
Batch 0
Batch 1
Batch 2
Batch 3
Batch 4
Batch 5
Batch 6
Batch 7
Batch 8
Batch 9
Batch 10
Batch 11
Batch 12
Batch 13
Batch 14
Batch 15
Batch 16
Batch 17
Batch 18
Batch 19
Batch 0
Batch 1
Batch 2
Batch 3
Batch 4
validation error: 381.63043212890625
Epoch 20
Batch 0
Batch 1
Batch 2
Batch 3
Batch 4
Batch 5
Batch 6
Batch 7
Batch 8
Batch 9
Batch 10
Batch 11
Batch 12
Batch 13
Batch 14
Batch 15
Batch 16
Batch 17
Batch 18
Batch 19
Batch 0
Batch 1
Batch 2
Batch 3
Batch 4
validation error: 390.37811279296875
Epoch 21
Batch 0
Batch 1
Batch 2
Batch 3
Batch 4
Batch 5
Batch 6
Batch 7
Batch 8
Batch 9
Batch 10
Batch 11
Batch 12
Batch 13
Batch 14
Batch 15
Batch 16
Batch 17
Batch 18
Batch 19
Batch 0
Batch 1
Batch 2
Batch 3
Batch 4
validation error: 396.48333740234375
Epoch 22
Batch 0
Batch 1
Batch 2
Batch 3
Batch 4
Batch 5
Batch 6
Batch 7
Batch 8
Batch 9
Batch 10
Batch 11
Batch 12
Batch 13
Batch 14
Batch 15
Batch 16
Batch 17
Batch 18
Batch 19
Batch 0
Batch 1
Batch 2
Batch 3
Batch 4
validation error: 422.0552978515625
Epoch 23
Batch 0
Batch 1
Batch 2
Batch 3
Batch 4
Batch 5
Batch 6
Batch 7
Batch 8
Batch 9
Batch 10
Batch 11
Batch 12
Batch 13
Batch 14
Batch 15
Batch 16
Batch 17
Batch 18
Batch 19
Batch 0
Batch 1
Batch 2
Batch 3
Batch 4
validation error: 500.6241149902344
Epoch 24
Batch 0
Batch 1
Batch 2
Batch 3
Batch 4
Batch 5
Batch 6
Batch 7
Batch 8
Batch 9
Batch 10
Batch 11
Batch 12
Batch 13
Batch 14
Batch 15
Batch 16
Batch 17
Batch 18
Batch 19
Batch 0
Batch 1
Batch 2
Batch 3
Batch 4
validation error: 582.8707275390625
Epoch 25
Batch 0
Batch 1
Batch 2
Batch 3
Batch 4
Batch 5
Batch 6
Batch 7
Batch 8
Batch 9
Batch 10
Batch 11
Batch 12
Batch 13
Batch 14
Batch 15
Batch 16
Batch 17
Batch 18
Batch 19
Batch 0
Batch 1
Batch 2
Batch 3
Batch 4
validation error: 807.5899658203125
Epoch 26
Batch 0
Batch 1
Batch 2
Batch 3
Batch 4
Batch 5
Batch 6
Batch 7
Batch 8
Batch 9
Batch 10
Batch 11
Batch 12
Batch 13
Batch 14
Batch 15
Batch 16
Batch 17
Batch 18
Batch 19
Batch 0
Batch 1
Batch 2
Batch 3
Batch 4
validation error: 967.0097045898438
Epoch 27
Batch 0
Batch 1
Batch 2
Batch 3
Batch 4
Batch 5
Batch 6
Batch 7
Batch 8
Batch 9
Batch 10
Batch 11
Batch 12
Batch 13
Batch 14
Batch 15
Batch 16
Batch 17
Batch 18
Batch 19
Batch 0
Batch 1
Batch 2
Batch 3
Batch 4
validation error: 1105.2078857421875
Epoch 28
Batch 0
Batch 1
Batch 2
Batch 3
Batch 4
Batch 5
Batch 6
Batch 7
Batch 8
Batch 9
Batch 10
Batch 11
Batch 12
Batch 13
Batch 14
Batch 15
Batch 16
Batch 17
Batch 18
Batch 19
Batch 0
Batch 1
Batch 2
Batch 3
Batch 4
validation error: 1503.7054443359375
Epoch 29
Batch 0
Batch 1
Batch 2
Batch 3
Batch 4
Batch 5
Batch 6
Batch 7
Batch 8
Batch 9
Batch 10
Batch 11
Batch 12
Batch 13
Batch 14
Batch 15
Batch 16
Batch 17
Batch 18
Batch 19
Batch 0
Batch 1
Batch 2
Batch 3
Batch 4
validation error: 1565.5008544921875
Epoch 30
Batch 0
Batch 1
Batch 2
Batch 3
Batch 4
Batch 5
Batch 6
Batch 7
Batch 8
Batch 9
Batch 10
Batch 11
Batch 12
Batch 13
Batch 14
Batch 15
Batch 16
Batch 17
Batch 18
Batch 19
Batch 0
Batch 1
Batch 2
Batch 3
Batch 4
validation error: 1342.34033203125
Epoch 31
Batch 0
Batch 1
Batch 2
Batch 3
Batch 4
Batch 5
Batch 6
Batch 7
Batch 8
Batch 9
Batch 10
Batch 11
Batch 12
Batch 13
Batch 14
Batch 15
Batch 16
Batch 17
Batch 18
Batch 19
Batch 0
Batch 1
Batch 2
Batch 3
Batch 4
validation error: 1513.60302734375
Epoch 32
Batch 0
Batch 1
Batch 2
Batch 3
Batch 4
Batch 5
Batch 6
Batch 7
Batch 8
Batch 9
Batch 10
Batch 11
Batch 12
Batch 13
Batch 14
Batch 15
Batch 16
Batch 17
Batch 18
Batch 19
Batch 0
Batch 1
Batch 2
Batch 3
Batch 4
validation error: 1263.427001953125
Epoch 33
Batch 0
Batch 1
Batch 2
Batch 3
Batch 4
Batch 5
Batch 6
Batch 7
Batch 8
Batch 9
Batch 10
Batch 11
Batch 12
Batch 13
Batch 14
Batch 15
Batch 16
Batch 17
Batch 18
Batch 19
Batch 0
Batch 1
Batch 2
Batch 3
Batch 4
validation error: 1228.4173583984375
Epoch 34
Batch 0
Batch 1
Batch 2
Batch 3
Batch 4
Batch 5
Batch 6
Batch 7
Batch 8
Batch 9
Batch 10
Batch 11
Batch 12
Batch 13
Batch 14
Batch 15
Batch 16
Batch 17
Batch 18
Batch 19
Batch 0
Batch 1
Batch 2
Batch 3
Batch 4
validation error: 872.708251953125
Epoch 35
Batch 0
Batch 1
Batch 2
Batch 3
Batch 4
Batch 5
Batch 6
Batch 7
Batch 8
Batch 9
Batch 10
Batch 11
Batch 12
Batch 13
Batch 14
Batch 15
Batch 16
Batch 17
Batch 18
Batch 19
Batch 0
Batch 1
Batch 2
Batch 3
Batch 4
validation error: 1490.8358154296875
Epoch 36
Batch 0
Batch 1
Batch 2
Batch 3
Batch 4
Batch 5
Batch 6
Batch 7
Batch 8
Batch 9
Batch 10
Batch 11
Batch 12
Batch 13
Batch 14
Batch 15
Batch 16
Batch 17
Batch 18
Batch 19
Batch 0
Batch 1
Batch 2
Batch 3
Batch 4
validation error: 1298.638916015625
Epoch 37
Batch 0
Batch 1
Batch 2
Batch 3
Batch 4
Batch 5
Batch 6
Batch 7
Batch 8
Batch 9
Batch 10
Batch 11
Batch 12
Batch 13
Batch 14
Batch 15
Batch 16
Batch 17
Batch 18
Batch 19
Batch 0
Batch 1
Batch 2
Batch 3
Batch 4
validation error: 1126.7294921875
Epoch 38
Batch 0
Batch 1
Batch 2
Batch 3
Batch 4
Batch 5
Batch 6
Batch 7
Batch 8
Batch 9
Batch 10
Batch 11
Batch 12
Batch 13
Batch 14
Batch 15
Batch 16
Batch 17
Batch 18
Batch 19
Batch 0
Batch 1
Batch 2
Batch 3
Batch 4
validation error: 787.0477905273438
Epoch 39
Batch 0
Batch 1
Batch 2
Batch 3
Batch 4
Batch 5
Batch 6
Batch 7
Batch 8
Batch 9
Batch 10
Batch 11
Batch 12
Batch 13
Batch 14
Batch 15
Batch 16
Batch 17
Batch 18
Batch 19
Batch 0
Batch 1
Batch 2
Batch 3
Batch 4
validation error: 576.2383422851562
Epoch 40
Batch 0
Batch 1
Batch 2
Batch 3
Batch 4
Batch 5
Batch 6
Batch 7
Batch 8
Batch 9
Batch 10
Batch 11
Batch 12
Batch 13
Batch 14
Batch 15
Batch 16
Batch 17
Batch 18
Batch 19
Batch 0
Batch 1
Batch 2
Batch 3
Batch 4
validation error: 755.8389282226562
Epoch 41
Batch 0
Batch 1
Batch 2
Batch 3
Batch 4
Batch 5
Batch 6
Batch 7
Batch 8
Batch 9
Batch 10
Batch 11
Batch 12
Batch 13
Batch 14
Batch 15
Batch 16
Batch 17
Batch 18
Batch 19
Batch 0
Batch 1
Batch 2
Batch 3
Batch 4
validation error: 999.3203735351562
Epoch 42
Batch 0
Batch 1
Batch 2
Batch 3
Batch 4
Batch 5
Batch 6
Batch 7
Batch 8
Batch 9
Batch 10
Batch 11
Batch 12
Batch 13
Batch 14
Batch 15
Batch 16
Batch 17
Batch 18
Batch 19
Batch 0
Batch 1
Batch 2
Batch 3
Batch 4
validation error: 614.6580810546875
Epoch 43
Batch 0
Batch 1
Batch 2
Batch 3
Batch 4
Batch 5
Batch 6
Batch 7
Batch 8
Batch 9
Batch 10
Batch 11
Batch 12
Batch 13
Batch 14
Batch 15
Batch 16
Batch 17
Batch 18
Batch 19
Batch 0
Batch 1
Batch 2
Batch 3
Batch 4
validation error: 898.3898315429688
Epoch 44
Batch 0
Batch 1
Batch 2
Batch 3
Batch 4
Batch 5
Batch 6
Batch 7
Batch 8
Batch 9
Batch 10
Batch 11
Batch 12
Batch 13
Batch 14
Batch 15
Batch 16
Batch 17
Batch 18
Batch 19
Batch 0
Batch 1
Batch 2
Batch 3
Batch 4
validation error: 765.6416015625
Epoch 45
Batch 0
Batch 1
Batch 2
Batch 3
Batch 4
Batch 5
Batch 6
Batch 7
Batch 8
Batch 9
Batch 10
Batch 11
Batch 12
Batch 13
Batch 14
Batch 15
Batch 16
Batch 17
Batch 18
Batch 19
Batch 0
Batch 1
Batch 2
Batch 3
Batch 4
validation error: 415.77630615234375
Epoch 46
Batch 0
Batch 1
Batch 2
Batch 3
Batch 4
Batch 5
Batch 6
Batch 7
Batch 8
Batch 9
Batch 10
Batch 11
Batch 12
Batch 13
Batch 14
Batch 15
Batch 16
Batch 17
Batch 18
Batch 19
Batch 0
Batch 1
Batch 2
Batch 3
Batch 4
validation error: 466.9624938964844
Epoch 47
Batch 0
Batch 1
Batch 2
Batch 3
Batch 4
Batch 5
Batch 6
Batch 7
Batch 8
Batch 9
Batch 10
Batch 11
Batch 12
Batch 13
Batch 14
Batch 15
Batch 16
Batch 17
Batch 18
Batch 19
Batch 0
Batch 1
Batch 2
Batch 3
Batch 4
validation error: 501.4587097167969
Epoch 48
Batch 0
Batch 1
Batch 2
Batch 3
Batch 4
Batch 5
Batch 6
Batch 7
Batch 8
Batch 9
Batch 10
Batch 11
Batch 12
Batch 13
Batch 14
Batch 15
Batch 16
Batch 17
Batch 18
Batch 19
Batch 0
Batch 1
Batch 2
Batch 3
Batch 4
validation error: 396.9941711425781
Epoch 49
Batch 0
Batch 1
Batch 2
Batch 3
Batch 4
Batch 5
Batch 6
Batch 7
Batch 8
Batch 9
Batch 10
Batch 11
Batch 12
Batch 13
Batch 14
Batch 15
Batch 16
Batch 17
Batch 18
Batch 19
Batch 0
Batch 1
Batch 2
Batch 3
Batch 4
validation error: 501.0770568847656
Epoch 50
Batch 0
Batch 1
Batch 2
Batch 3
Batch 4
Batch 5
Batch 6
Batch 7
Batch 8
Batch 9
Batch 10
Batch 11
Batch 12
Batch 13
Batch 14
Batch 15
Batch 16
Batch 17
Batch 18
Batch 19
Batch 0
Batch 1
Batch 2
Batch 3
Batch 4
validation error: 544.293701171875
Epoch 51
Batch 0
Batch 1
Batch 2
Batch 3
Batch 4
Batch 5
Batch 6
Batch 7
Batch 8
Batch 9
Batch 10
Batch 11
Batch 12
Batch 13
Batch 14
Batch 15
Batch 16
Batch 17
Batch 18
Batch 19
Batch 0
Batch 1
Batch 2
Batch 3
Batch 4
validation error: 421.0781555175781
Epoch 52
Batch 0
Batch 1
Batch 2
Batch 3
Batch 4
Batch 5
Batch 6
Batch 7
Batch 8
Batch 9
Batch 10
Batch 11
Batch 12
Batch 13
Batch 14
Batch 15
Batch 16
Batch 17
Batch 18
Batch 19
Batch 0
Batch 1
Batch 2
Batch 3
Batch 4
validation error: 395.1656494140625
Epoch 53
Batch 0
Batch 1
Batch 2
Batch 3
Batch 4
Batch 5
Batch 6
Batch 7
Batch 8
Batch 9
Batch 10
Batch 11
Batch 12
Batch 13
Batch 14
Batch 15
Batch 16
Batch 17
Batch 18
Batch 19
Batch 0
Batch 1
Batch 2
Batch 3
Batch 4
validation error: 369.6108093261719
Epoch 54
Batch 0
Batch 1
Batch 2
Batch 3
Batch 4
Batch 5
Batch 6
Batch 7
Batch 8
Batch 9
Batch 10
Batch 11
Batch 12
Batch 13
Batch 14
Batch 15
Batch 16
Batch 17
Batch 18
Batch 19
Batch 0
Batch 1
Batch 2
Batch 3
Batch 4
validation error: 367.6300048828125
Epoch 55
Batch 0
Batch 1
Batch 2
Batch 3
Batch 4
Batch 5
Batch 6
Batch 7
Batch 8
Batch 9
Batch 10
Batch 11
Batch 12
Batch 13
Batch 14
Batch 15
Batch 16
Batch 17
Batch 18
Batch 19
Batch 0
Batch 1
Batch 2
Batch 3
Batch 4
validation error: 368.356201171875
Epoch 56
Batch 0
Batch 1
Batch 2
Batch 3
Batch 4
Batch 5
Batch 6
Batch 7
Batch 8
Batch 9
Batch 10
Batch 11
Batch 12
Batch 13
Batch 14
Batch 15
Batch 16
Batch 17
Batch 18
Batch 19
Batch 0
Batch 1
Batch 2
Batch 3
Batch 4
validation error: 399.55401611328125
Epoch 57
Batch 0
Batch 1
Batch 2
Batch 3
Batch 4
Batch 5
Batch 6
Batch 7
Batch 8
Batch 9
Batch 10
Batch 11
Batch 12
Batch 13
Batch 14
Batch 15
Batch 16
Batch 17
Batch 18
Batch 19
Batch 0
Batch 1
Batch 2
Batch 3
Batch 4
validation error: 384.1039733886719
Epoch 58
Batch 0
Batch 1
Batch 2
Batch 3
Batch 4
Batch 5
Batch 6
Batch 7
Batch 8
Batch 9
Batch 10
Batch 11
Batch 12
Batch 13
Batch 14
Batch 15
Batch 16
Batch 17
Batch 18
Batch 19
Batch 0
Batch 1
Batch 2
Batch 3
Batch 4
validation error: 368.5105285644531
Epoch 59
Batch 0
Batch 1
Batch 2
Batch 3
Batch 4
Batch 5
Batch 6
Batch 7
Batch 8
Batch 9
Batch 10
Batch 11
Batch 12
Batch 13
Batch 14
Batch 15
Batch 16
Batch 17
Batch 18
Batch 19
Batch 0
Batch 1
Batch 2
Batch 3
Batch 4
validation error: 386.58447265625
Epoch 60
Batch 0
Batch 1
Batch 2
Batch 3
Batch 4
Batch 5
Batch 6
Batch 7
Batch 8
Batch 9
Batch 10
Batch 11
Batch 12
Batch 13
Batch 14
Batch 15
Batch 16
Batch 17
Batch 18
Batch 19
Batch 0
Batch 1
Batch 2
Batch 3
Batch 4
validation error: 367.71697998046875
Epoch 61
Batch 0
Batch 1
Batch 2
Batch 3
Batch 4
Batch 5
Batch 6
Batch 7
Batch 8
Batch 9
Batch 10
Batch 11
Batch 12
Batch 13
Batch 14
Batch 15
Batch 16
Batch 17
Batch 18
Batch 19
Batch 0
Batch 1
Batch 2
Batch 3
Batch 4
validation error: 366.48187255859375
Epoch 62
Batch 0
Batch 1
Batch 2
Batch 3
Batch 4
Batch 5
Batch 6
Batch 7
Batch 8
Batch 9
Batch 10
Batch 11
Batch 12
Batch 13
Batch 14
Batch 15
Batch 16
Batch 17
Batch 18
Batch 19
Batch 0
Batch 1
Batch 2
Batch 3
Batch 4
validation error: 367.2658996582031
Epoch 63
Batch 0
Batch 1
Batch 2
Batch 3
Batch 4
Batch 5
Batch 6
Batch 7
Batch 8
Batch 9
Batch 10
Batch 11
Batch 12
Batch 13
Batch 14
Batch 15
Batch 16
Batch 17
Batch 18
Batch 19
Batch 0
Batch 1
Batch 2
Batch 3
Batch 4
validation error: 400.99139404296875
Epoch 64
Batch 0
Batch 1
Batch 2
Batch 3
Batch 4
Batch 5
Batch 6
Batch 7
Batch 8
Batch 9
Batch 10
Batch 11
Batch 12
Batch 13
Batch 14
Batch 15
Batch 16
Batch 17
Batch 18
Batch 19
Batch 0
Batch 1
Batch 2
Batch 3
Batch 4
validation error: 374.9852294921875
Epoch 65
Batch 0
Batch 1
Batch 2
Batch 3
Batch 4
Batch 5
Batch 6
Batch 7
Batch 8
Batch 9
Batch 10
Batch 11
Batch 12
Batch 13
Batch 14
Batch 15
Batch 16
Batch 17
Batch 18
Batch 19
Batch 0
Batch 1
Batch 2
Batch 3
Batch 4
validation error: 452.5965576171875
Epoch 66
Batch 0
Batch 1
Batch 2
Batch 3
Batch 4
Batch 5
Batch 6
Batch 7
Batch 8
Batch 9
Batch 10
Batch 11
Batch 12
Batch 13
Batch 14
Batch 15
Batch 16
Batch 17
Batch 18
Batch 19
Batch 0
Batch 1
Batch 2
Batch 3
Batch 4
validation error: 365.0111389160156
Epoch 67
Batch 0
Batch 1
Batch 2
Batch 3
Batch 4
Batch 5
Batch 6
Batch 7
Batch 8
Batch 9
Batch 10
Batch 11
Batch 12
Batch 13
Batch 14
Batch 15
Batch 16
Batch 17
Batch 18
Batch 19
Batch 0
Batch 1
Batch 2
Batch 3
Batch 4
validation error: 366.8089294433594
Epoch 68
Batch 0
Batch 1
Batch 2
Batch 3
Batch 4
Batch 5
Batch 6
Batch 7
Batch 8
Batch 9
Batch 10
Batch 11
Batch 12
Batch 13
Batch 14
Batch 15
Batch 16
Batch 17
Batch 18
Batch 19
Batch 0
Batch 1
Batch 2
Batch 3
Batch 4
validation error: 367.1620178222656
Epoch 69
Batch 0
Batch 1
Batch 2
Batch 3
Batch 4
Batch 5
Batch 6
Batch 7
Batch 8
Batch 9
Batch 10
Batch 11
Batch 12
Batch 13
Batch 14
Batch 15
Batch 16
Batch 17
Batch 18
Batch 19
Batch 0
Batch 1
Batch 2
Batch 3
Batch 4
validation error: 386.8771057128906
Epoch 70
Batch 0
Batch 1
Batch 2
Batch 3
Batch 4
Batch 5
Batch 6
Batch 7
Batch 8
Batch 9
Batch 10
Batch 11
Batch 12
Batch 13
Batch 14
Batch 15
Batch 16
Batch 17
Batch 18
Batch 19
Batch 0
Batch 1
Batch 2
Batch 3
Batch 4
validation error: 374.7600402832031
Epoch 71
Batch 0
Batch 1
Batch 2
Batch 3
Batch 4
Batch 5
Batch 6
Batch 7
Batch 8
Batch 9
Batch 10
Batch 11
Batch 12
Batch 13
Batch 14
Batch 15
Batch 16
Batch 17
Batch 18
Batch 19
Batch 0
Batch 1
Batch 2
Batch 3
Batch 4
validation error: 365.6822814941406
Epoch 72
Batch 0
Batch 1
Batch 2
Batch 3
Batch 4
Batch 5
Batch 6
Batch 7
Batch 8
Batch 9
Batch 10
Batch 11
Batch 12
Batch 13
Batch 14
Batch 15
Batch 16
Batch 17
Batch 18
Batch 19
Batch 0
Batch 1
Batch 2
Batch 3
Batch 4
validation error: 365.2081298828125
Epoch 73
Batch 0
Batch 1
Batch 2
Batch 3
Batch 4
Batch 5
Batch 6
Batch 7
Batch 8
Batch 9
Batch 10
Batch 11
Batch 12
Batch 13
Batch 14
Batch 15
Batch 16
Batch 17
Batch 18
Batch 19
Batch 0
Batch 1
Batch 2
Batch 3
Batch 4
validation error: 372.9405822753906
Epoch 74
Batch 0
Batch 1
Batch 2
Batch 3
Batch 4
Batch 5
Batch 6
Batch 7
Batch 8
Batch 9
Batch 10
Batch 11
Batch 12
Batch 13
Batch 14
Batch 15
Batch 16
Batch 17
Batch 18
Batch 19
Batch 0
Batch 1
Batch 2
Batch 3
Batch 4
validation error: 368.7476806640625
Epoch 75
Batch 0
Batch 1
Batch 2
Batch 3
Batch 4
Batch 5
Batch 6
Batch 7
Batch 8
Batch 9
Batch 10
Batch 11
Batch 12
Batch 13
Batch 14
Batch 15
Batch 16
Batch 17
Batch 18
Batch 19
Batch 0
Batch 1
Batch 2
Batch 3
Batch 4
validation error: 365.3191223144531
Epoch 76
Batch 0
Batch 1
Batch 2
Batch 3
Batch 4
Batch 5
Batch 6
Batch 7
Batch 8
Batch 9
Batch 10
Batch 11
Batch 12
Batch 13
Batch 14
Batch 15
Batch 16
Batch 17
Batch 18
Batch 19
Batch 0
Batch 1
Batch 2
Batch 3
Batch 4
validation error: 365.0134582519531
Epoch 77
Batch 0
Batch 1
Batch 2
Batch 3
Batch 4
Batch 5
Batch 6
Batch 7
Batch 8
Batch 9
Batch 10
Batch 11
Batch 12
Batch 13
Batch 14
Batch 15
Batch 16
Batch 17
Batch 18
Batch 19
Batch 0
Batch 1
Batch 2
Batch 3
Batch 4
validation error: 366.0489196777344
Epoch 78
Batch 0
Batch 1
Batch 2
Batch 3
Batch 4
Batch 5
Batch 6
Batch 7
Batch 8
Batch 9
Batch 10
Batch 11
Batch 12
Batch 13
Batch 14
Batch 15
Batch 16
Batch 17
Batch 18
Batch 19
Batch 0
Batch 1
Batch 2
Batch 3
Batch 4
validation error: 364.9232177734375
Epoch 79
Batch 0
Batch 1
Batch 2
Batch 3
Batch 4
Batch 5
Batch 6
Batch 7
Batch 8
Batch 9
Batch 10
Batch 11
Batch 12
Batch 13
Batch 14
Batch 15
Batch 16
Batch 17
Batch 18
Batch 19
Batch 0
Batch 1
Batch 2
Batch 3
Batch 4
validation error: 364.8409423828125
Traceback (most recent call last):
  File "main.py", line 80, in <module>
    main(args)
  File "main.py", line 62, in main
    torch.save(f.state_dict(), f'./Saved Models/{f}_{current_date}')
  File "/home/zshiqi/miniconda3/envs/noether/lib/python3.8/site-packages/torch/serialization.py", line 376, in save
    with _open_file_like(f, 'wb') as opened_file:
  File "/home/zshiqi/miniconda3/envs/noether/lib/python3.8/site-packages/torch/serialization.py", line 230, in _open_file_like
    return _open_file(name_or_buffer, mode)
  File "/home/zshiqi/miniconda3/envs/noether/lib/python3.8/site-packages/torch/serialization.py", line 211, in __init__
    super(_open_file, self).__init__(open(name, mode))
OSError: [Errno 36] File name too long: './Saved Models/StatePredictor(\n  (layers): Sequential(\n    (0): Linear(in_features=64, out_features=32, bias=True)\n    (1): ReLU()\n    (2): Linear(in_features=32, out_features=16, bias=True)\n    (3): ReLU()\n    (4): Linear(in_features=16, out_features=6, bias=True)\n  )\n)_2022-03-06'
